0 info it worked if it ends with ok
1 verbose cli [ '/usr/bin/node', '/usr/bin/npm', 'install', '-g', 'csslint' ]
2 info using npm@1.4.28
3 info using node@v0.10.38
4 verbose node symlink /usr/bin/node
5 verbose cache add [ 'csslint', null ]
6 verbose cache add name=undefined spec="csslint" args=["csslint",null]
7 verbose parsed url { protocol: null,
7 verbose parsed url   slashes: null,
7 verbose parsed url   auth: null,
7 verbose parsed url   host: null,
7 verbose parsed url   port: null,
7 verbose parsed url   hostname: null,
7 verbose parsed url   hash: null,
7 verbose parsed url   search: null,
7 verbose parsed url   query: null,
7 verbose parsed url   pathname: 'csslint',
7 verbose parsed url   path: 'csslint',
7 verbose parsed url   href: 'csslint' }
8 silly lockFile 62b4fd4b-csslint csslint
9 verbose lock csslint /home/aflashyrhetoric/.npm/62b4fd4b-csslint.lock
10 silly lockFile 62b4fd4b-csslint csslint
11 silly lockFile 62b4fd4b-csslint csslint
12 verbose addNamed [ 'csslint', '' ]
13 verbose addNamed [ null, '*' ]
14 silly lockFile ba3ce932-csslint csslint@
15 verbose lock csslint@ /home/aflashyrhetoric/.npm/ba3ce932-csslint.lock
16 silly addNameRange { name: 'csslint', range: '*', hasData: false }
17 verbose request where is /csslint
18 verbose request registry https://registry.npmjs.org/
19 verbose request id e79aec4f65ab55c6
20 verbose url raw /csslint
21 verbose url resolving [ 'https://registry.npmjs.org/', './csslint' ]
22 verbose url resolved https://registry.npmjs.org/csslint
23 verbose request where is https://registry.npmjs.org/csslint
24 info trying registry request attempt 1 at 18:03:22
25 http GET https://registry.npmjs.org/csslint
26 http 200 https://registry.npmjs.org/csslint
27 silly registry.get cb [ 200,
27 silly registry.get   { server: 'CouchDB/1.5.0 (Erlang OTP/R16B03)',
27 silly registry.get     etag: '"1A4T6NB8S0UOEW348JEHP7I0K"',
27 silly registry.get     'content-type': 'application/json',
27 silly registry.get     'cache-control': 'max-age=60',
27 silly registry.get     'content-length': '23309',
27 silly registry.get     'accept-ranges': 'bytes',
27 silly registry.get     date: 'Wed, 24 Jun 2015 22:03:22 GMT',
27 silly registry.get     via: '1.1 varnish',
27 silly registry.get     age: '9',
27 silly registry.get     connection: 'keep-alive',
27 silly registry.get     'x-served-by': 'cache-iad2144-IAD',
27 silly registry.get     'x-cache': 'HIT',
27 silly registry.get     'x-cache-hits': '1',
27 silly registry.get     'x-timer': 'S1435183402.675438,VS0,VE0',
27 silly registry.get     vary: 'Accept' } ]
28 silly addNameRange number 2 { name: 'csslint', range: '*', hasData: true }
29 silly addNameRange versions [ 'csslint',
29 silly addNameRange   [ '0.1.0',
29 silly addNameRange     '0.2.0',
29 silly addNameRange     '0.3.0',
29 silly addNameRange     '0.3.1',
29 silly addNameRange     '0.3.2',
29 silly addNameRange     '0.4.0',
29 silly addNameRange     '0.5.0',
29 silly addNameRange     '0.6.0',
29 silly addNameRange     '0.6.1',
29 silly addNameRange     '0.7.0',
29 silly addNameRange     '0.8.0',
29 silly addNameRange     '0.8.1',
29 silly addNameRange     '0.8.5',
29 silly addNameRange     '0.9.0',
29 silly addNameRange     '0.9.1',
29 silly addNameRange     '0.9.2',
29 silly addNameRange     '0.9.5',
29 silly addNameRange     '0.9.6',
29 silly addNameRange     '0.9.7',
29 silly addNameRange     '0.9.8',
29 silly addNameRange     '0.9.9',
29 silly addNameRange     '0.9.10',
29 silly addNameRange     '0.10.0' ] ]
30 verbose addNamed [ 'csslint', '0.10.0' ]
31 verbose addNamed [ '0.10.0', '0.10.0' ]
32 silly lockFile e8e04c8a-csslint-0-10-0 csslint@0.10.0
33 verbose lock csslint@0.10.0 /home/aflashyrhetoric/.npm/e8e04c8a-csslint-0-10-0.lock
34 silly lockFile 59df0017-s-org-csslint-csslint-0-10-0-tgz https://registry.npmjs.org/csslint/-/csslint-0.10.0.tgz
35 verbose lock https://registry.npmjs.org/csslint/-/csslint-0.10.0.tgz /home/aflashyrhetoric/.npm/59df0017-s-org-csslint-csslint-0-10-0-tgz.lock
36 verbose addRemoteTarball [ 'https://registry.npmjs.org/csslint/-/csslint-0.10.0.tgz',
36 verbose addRemoteTarball   '3a6a04e7565c8e9d19beb49767c7ec96e8365805' ]
37 info retry fetch attempt 1 at 18:03:22
38 verbose fetch to= /tmp/npm-3757-wzczFILx/registry.npmjs.org/csslint/-/csslint-0.10.0.tgz
39 http GET https://registry.npmjs.org/csslint/-/csslint-0.10.0.tgz
40 http 200 https://registry.npmjs.org/csslint/-/csslint-0.10.0.tgz
41 silly lockFile 59df0017-s-org-csslint-csslint-0-10-0-tgz https://registry.npmjs.org/csslint/-/csslint-0.10.0.tgz
42 silly lockFile 59df0017-s-org-csslint-csslint-0-10-0-tgz https://registry.npmjs.org/csslint/-/csslint-0.10.0.tgz
43 silly lockFile e8e04c8a-csslint-0-10-0 csslint@0.10.0
44 silly lockFile e8e04c8a-csslint-0-10-0 csslint@0.10.0
45 silly lockFile ba3ce932-csslint csslint@
46 silly lockFile ba3ce932-csslint csslint@
47 silly resolved [ { name: 'csslint',
47 silly resolved     version: '0.10.0',
47 silly resolved     description: 'CSSLint',
47 silly resolved     author: { name: 'Nicole Sullivan' },
47 silly resolved     contributors: [ [Object] ],
47 silly resolved     engines: { node: '>=0.8.0' },
47 silly resolved     directories: { lib: 'lib' },
47 silly resolved     main: './lib/csslint-node.js',
47 silly resolved     bin: { csslint: './cli.js' },
47 silly resolved     scripts: { test: 'grunt test' },
47 silly resolved     licenses: [ [Object] ],
47 silly resolved     bugs: { url: 'https://github.com/stubbornella/csslint/issues' },
47 silly resolved     repository:
47 silly resolved      { type: 'git',
47 silly resolved        url: 'https://github.com/stubbornella/csslint.git' },
47 silly resolved     dependencies: { parserlib: '~0.2.2' },
47 silly resolved     devDependencies:
47 silly resolved      { grunt: '~0.4.1',
47 silly resolved        'grunt-contrib-jshint': '~0.5.4',
47 silly resolved        'grunt-contrib-concat': '~0.3.0',
47 silly resolved        'grunt-contrib-watch': '~0.4.4',
47 silly resolved        yuitest: '~0.7.9',
47 silly resolved        'grunt-contrib-clean': '~0.4.1',
47 silly resolved        'grunt-contrib-copy': '~0.4.1',
47 silly resolved        'grunt-include-replace': '~0.4.0' },
47 silly resolved     _id: 'csslint@0.10.0',
47 silly resolved     dist:
47 silly resolved      { shasum: '3a6a04e7565c8e9d19beb49767c7ec96e8365805',
47 silly resolved        tarball: 'http://registry.npmjs.org/csslint/-/csslint-0.10.0.tgz' },
47 silly resolved     _from: 'csslint@',
47 silly resolved     _npmVersion: '1.2.32',
47 silly resolved     _npmUser: { name: 'stubbornella', email: 'nicole@stubbornella.org' },
47 silly resolved     maintainers: [ [Object], [Object] ],
47 silly resolved     _shasum: '3a6a04e7565c8e9d19beb49767c7ec96e8365805',
47 silly resolved     _resolved: 'https://registry.npmjs.org/csslint/-/csslint-0.10.0.tgz' } ]
48 info install csslint@0.10.0 into /usr/lib
49 info installOne csslint@0.10.0
50 verbose lib/node_modules/csslint unbuild
51 verbose tar unpack /home/aflashyrhetoric/.npm/csslint/0.10.0/package.tgz
52 silly lockFile 98577b9a-tar-usr-lib-node-modules-csslint tar:///usr/lib/node_modules/csslint
53 verbose lock tar:///usr/lib/node_modules/csslint /home/aflashyrhetoric/.npm/98577b9a-tar-usr-lib-node-modules-csslint.lock
54 silly lockFile 954ca456-c-npm-csslint-0-10-0-package-tgz tar:///home/aflashyrhetoric/.npm/csslint/0.10.0/package.tgz
55 verbose lock tar:///home/aflashyrhetoric/.npm/csslint/0.10.0/package.tgz /home/aflashyrhetoric/.npm/954ca456-c-npm-csslint-0-10-0-package-tgz.lock
56 silly gunzTarPerm modes [ '755', '644' ]
57 error Error: EACCES, mkdir '/usr/lib/node_modules/csslint'
57 error  { [Error: EACCES, mkdir '/usr/lib/node_modules/csslint']
57 error   errno: 3,
57 error   code: 'EACCES',
57 error   path: '/usr/lib/node_modules/csslint',
57 error   fstream_type: 'Directory',
57 error   fstream_path: '/usr/lib/node_modules/csslint',
57 error   fstream_class: 'DirWriter',
57 error   fstream_stack:
57 error    [ '/usr/lib/node_modules/npm/node_modules/fstream/lib/dir-writer.js:36:23',
57 error      '/usr/lib/node_modules/npm/node_modules/mkdirp/index.js:46:53',
57 error      'Object.oncomplete (fs.js:108:15)' ] }
58 error Please try running this command again as root/Administrator.
59 error System Linux 3.13.0-37-generic
60 error command "/usr/bin/node" "/usr/bin/npm" "install" "-g" "csslint"
61 error cwd /home/aflashyrhetoric/aflashyrhetoric.github.io
62 error node -v v0.10.38
63 error npm -v 1.4.28
64 error path /usr/lib/node_modules/csslint
65 error fstream_path /usr/lib/node_modules/csslint
66 error fstream_type Directory
67 error fstream_class DirWriter
68 error code EACCES
69 error errno 3
70 error stack Error: EACCES, mkdir '/usr/lib/node_modules/csslint'
71 error fstream_stack /usr/lib/node_modules/npm/node_modules/fstream/lib/dir-writer.js:36:23
71 error fstream_stack /usr/lib/node_modules/npm/node_modules/mkdirp/index.js:46:53
71 error fstream_stack Object.oncomplete (fs.js:108:15)
72 verbose exit [ 3, true ]
